CL ['2VO0'] ['4O21'] ADP
CL ['2W71'] ['3OUZ'] ADP
CL ['2W71'] ['3RV4'] ADP
CL ['2W71'] ['2J9G'] ADP
1WXI
4FF4
3TV1
2A7X
3SYT
1HTQ
4A59
4JZK
4GX6
2X3K
3IFA
4KBF
2YRX
4EAI
1ECJ
2JGD
1AER
3N3P
4NDF
2Y8L
3VNR
3CW9
3GRU
3CJ7
1KZ8
2FJB
1Z8D
1UXU
1UKZ
4KKE
4B8S
3E7W
1DMA
1SES
2EQA
2NSY
4NDH
4H2W
4EQL
3SF0
1FTA
3HW5
1MDB
4FBC
1FRP
1ROR
3TLZ
3G89
3KGD
2F3D
2PTQ
1MZV
3SZG
3G1Z
1FJ9
3IB8
12AS
1TB5
1HTT
4AZS
3TTF
2XOZ
4BRQ
4NNJ
1RDZ
4IG1
1TB7
3T5M
3RK0
3JWP
3DHV
1YYZ
1RY2
2XXB
3L9W
4EAL
3R96
2OOX
3VBF
1HDI
1QB8
2YAB
2R7M
3W1B
1FSA
3LQ3
3UQ6
2CNQ
1FA9
2Q8M
1OBG
2HVS
2VFK
2X75
4DG8
4O6R
1YXU
1ZJW
4E6N
4HV4
3O0F
2P2F
1C0A
2YJ4
4GBW
4BLW
1UXV
3EQ6
3UQ8
3RRB
1GPM
4IKE
1O94
2YA3
2F17
2PZA
4MA0
4GX4
4GWZ
3TYX
4EFC
4KFS
3REX
3C0H
4LQY
3FHJ
4FBH
3L31
4HE2
3A9V
2OWO
1G51
3B6J
3RPZ
2OUN
2GXQ
1V26
1UA4
1MB9
3U1B
2D1R
3FEG
1Z84
3NGN
3VQX
4CS3
3DLZ
1FPF
1MF0
2QGA
1SON
3QH8
3Q10
2IVT
1DEL
3MF2
8GPB
4IJN
1J20
2RH6
1VD1
1NV7
4MX2
4ITR
2DSD
4EUM
2VAR
1PTW
1TBW
3B1R
4NDI
2I4I
3M84
2VSO
3OCV
2V8Q
1S68
3LKM
2R85
3WJR
3N8H
2QRK
1TUU
1QGX
4H2V
3TDH
2ART
4M9D
3DQX
3VZD
3EQI
1SQK
1VHL
1NGD
2HF3
3GVI
3RV4
3ICS
2W4K
2ZDY
4ANJ
2YNM
1TC6
1ZXN
3FI8
1Y8O
4BTJ
3FYH
2X6T
3A7J
2NO7
3TIF
3NIZ
1NG9
1QQN
2PMK
4FFL
1OL5
1G6H
2QWL
4JZK
3RUS
1NVA
2VAS
3I33
2CE7
2B9H
2WW4
2OLJ
4BC2
2OXC
1BG0
1OH6
3I12
4C12
1W2D
4I1V
1IN4
4E1F
1CE8
2JLZ
2NUU
1G3Q
4BN1
3ETJ
2BVC
3L2F
1S3X
1W9J
2NUN
1Z5B
1E9F
3UDZ
3TPT
3QFF
1OHB
1GZF
1HPM
1AMW
4K8C
2HEN
3EX7
1OXU
3MBL
4II5
1J7L
2Y8L
2F1J
1B7T
2QB5
3RRE
2QUR
2Q28
1E98
3QOV
3OUZ
1MP8
3UQD
3G8D
3UBO
3DRB
2IS6
4O2A
2WWF
3NHA
2C31
1IN5
1QQM
3MKD
2CN5
3PEW
1Q8Y
1FP6
1IN6
1A9X
3G8C
4IFC
3EGI
2HEH
3VET
3I0O
3RV3
4E7S
2XAM
3MYH
3AKC
1ION
2GRY
3N83
1JWY
3P4X
1QVI
4IX4
1JDB
3F61
2WHX
1E9C
3QBW
4LV5
3BRB
3ZVM
2XD4
1HW8
4DH5
3KAL
3PUW
1VA6
4P7A
4NB4
3TW6
1P5Z
2DCN
2ZKJ
1P72
4DCA
2XUU
1E8H
1ATS
1NY5
1IOV
2P9I
1I5S
3AR3
1DAK
3ZOZ
1YP4
2R87
1JJ7
3QXH
4F99
3UNG
3SMS
2FFB
4EHY
4H81
1WPG
3GBJ
2VB6
1L3R
3C9U
4GQT
4JLP
2O0J
4AXE
4DBQ
2FYK
2VHJ
1Q0B
1NGA
1F52
1C30
1NN3
2XK2
2OFX
1KK8
4EBU
4OAC
3GU6
2V8P
1IAH
3Q1K
1VRP
2W5A
2B9I
4DEE
3ZCW
3EHH
3B1N
1Z2N
3FE1
4NST
2AWN
2WQE
3I61
1XJK
2GR0
2R7N
3VAD
2BEJ
1XRJ
4IFW
1MQ4
2ZSA
3KQU
3O5T
2YHY
3PFF
4OAG
1W44
4LV8
4M15
3PXN
4NXW
4FEY
2OBM
3IUC
2ONM
3LQ3
3PEY
4GVJ
2CNQ
3C4Z
1BA1
1ZTH
2VOS
4IOK
1K3C
3O8R
3DC4
4LV7
3LVV
4BGB
1ATR
1W9K
3ATV
2O1V
3FD6
4E1C
3BF1
3IIJ
1T36
4OAU
2J9G
2FSI
3KQL
3TTC
1BA0
3THO
1YMF
2QWN
1M7G
4IYN
4ETP
3KQN
1PHP
1B62
3K0S
4IAI
2JGV
1MWM
4N09
1I58
4LJ5
4EFH
2V7Y
2C98
3LMH
4NCJ
3GDQ
3LCT
4LJ8
1WBD
4JL5
1WBP
4IKE
1O94
1TY8
1NGB
1JM6
4PFK
1NGC
2QWO
3TY5
3VEZ
1VOM
2QSY
3QHW
3T99
3U9Z
3FMO
3QFU
1J6Z
2W8R
4H5T
2GL6
3W0O
2CVX
1W78
2JFG
1ZAR
3K5I
3BZ7
2B9F
4DBR
4AS7
2W41
2OLC
1QF9
3JV2
1NKT
2ZFI
4NE2
2ZJ5
4AP0
1W9I
2WEP
4NM7
3CR7
2FF7
1U6R
2GKS
1UJ2
1T6X
3PDT
1M34
1M15
4FR8
3H0L
1M6V
3QUR
1V1A
13PK
2E2P
2PG2
1UC9
2BFR
3FEG
2QQ0
3EH9
1CZA
2XX3
4ARK
3O8D
4IHJ
3VF4
3T7A
2YZL
2AXN
2ZDH
2IO8
4OA2
1JBP
4I3Z
1BYQ
4A7O
3HP1
2B9J
2V26
2FFA
3IPX
3JQ3
3PNL
2GK6
1W7J
1OH7
4E7Z
3N3O
1IOW
3HY6
1SD0
1AM1
1B6S
3L4I
2I8C
4MOB
4EHT
1BUP
4AQK
1E3M
3T4N
2XOC
2H1F
3A1D
2BKK
3D5W
2IJM
3I73
2WZB
1HJO
4P32
4C5K
3LRT
1NMY
1RL9
2JLY
1SVL
3A4M
1W9L
1X6V
4NM3
4F9A
4D26
1CS0
3JXU
2JLS
2QRD
1TZD
2D7D
2BU8
1QQO
3V4S
1GLF
1XMV
3ZVN
4NM5
4ME6
2A2C
2NS1
3W0P
3KEN
3U67
1IN8
3PYG
2XZL
4EDH
3N2A
4BG4
3ZD7
1RKD
2JLX
4O21
1IN7
1WBB
4H1G
2ZI3
3GO6
1KJQ
3R9I
2BUP
2XZO
1P52
1L8T
2W4J
2UAG
1R0Y
4IEI
4B7B
3GR4
1J1C
1RDQ
4GQK
3HYO
3RFC
1G9X
1SQ5
4GVA
3LL5
3A5L
1GC5
4NXU
2WZD
3MBI
3I62
3LV8
1X3M
1H74
1MMA
1X88
3KFX
4AXX
2ZGV
4J0B
1GLB
3G15
1WB9
1GKZ
4FCW
3T8O
4B1W
2D1K
4JXX
3REU
3Q9L
3VVH
1QHG
3SI7
1QMZ
2CJM
2BBS
4M3U
4BTJ
2A41
1I7L
4H0V
4FFL
3RTC
4B9Q
3G59
2PBD
4FF3
3LDL
1N77
4M41
3CHW
1E8X
1GZ3
2DXI
1TC0
4ED4
4H2U
4B1U
2Z02
3BJU
1W7A
4K6R
4A6X
2OLR
1KVK
2VT3
4AN3
3C9R
3A8W
4EAJ
4C69
3UQE
1Q24
2A42
1II0
3R5F
4H03
3CI5
1TYQ
1NSY
1D4X
1FMW
3H5N
1KAX
2NT8
3M6G
4H0X
4DLK
2X3J
2BTF
4AT1
3AM1
3SJH
3WJQ
1MAU
2QUI
2BBO
1YTM
3R5X
2A40
4FXF
1RYR
4H2Y
3QNO
4OAB
1C0G
4M45
2QK4
2BU2
2FF3
3HQP
2PZG
1AYL
3UB5
2R7L
2OAN
3LGX
1J1Z
3QAM
3A7H
3A5N
1NGF
1P8Z
3HAV
1C0F
4FG9
2C96
2YW2
3BU5
3ZC7
1OBD
1Z0S
2C8V
4M3Y
1NGG
2IA6
2IXF
4FG8
1SVM
1HP1
3ETH
2ILY
3GBU
4AW0
4HOT
3ULE
1PHK
1GZ4
1MA9
1LHR
3LMI
4EDG
3OVB
2V52
1NSF
1VJD
4P33
3G6V
3H8V
2ARU
3LSS
3EKS
3PR5
3SEZ
3A5M
4DTL
2V51
2R9V
3U9D
2DTO
2HVY
1A49
1TFW
2CCH
3RTG
1QL6
3CIP
3EFS
4EOM
1LOT
3B2Q
1R8B
1B38
1GTR
2HS0
2Q0D
3IE7
2X15
3MN7
3GAI
1YFR
4GT3
1ESV
2IVP
2IXE
4AZW
2A3Z
2CV1
4CT2
2FF6
1A82
3GAJ
2BBT
3DNT
2BIY
1E2Q
2YJ4
2GWJ
1YAG
1CSN
1PK8
3NH9
3LFZ
3EQB
1E4G
1XEF
4B1V
3NEM
1T44
4M3X
3CI1
2YAA
4M3W
4H0Y
3MEY
4EOQ
1XMJ
1QRS
2FXU
2R6X
3VNQ
3TY5
3VEZ
1KAZ
4B1X
2V92
4II2
2AQX
2X0Q
3DKC
3QAL
3AR4
1Q97
3IBQ
3Q53
1ZP9
2VHQ
4EJ7
1NGH
3U8X
3W1G
3QXC
1E24
1RYS
1U5R
1ESQ
3MN5
1DV2
2CJA
1NLV
2P9K
3K5H
2XJE
4FI1
4CBX
1J7K
2Y27
3GAH
3FHX
3FHY
4A2A
2ZH6
4KGV
3TUV
4G5Y
3ZCN
4O5F
1MDU
3KE5
1MB9
1KAY
1N5I
3RWU
4DTH
3DAW
3FZF
1NGE
4J2B
1U5V
3IKH
1YP3
1DEJ
2XCW
1N56
4HDH
2DXT
2C9C
3FJQ
2HF4
3W3D
1XEX
3FPB
3UMO
2R6T
4M42
3FCE
3QUO
1H1W
4CBW
2FSG
2DRA
2Q66
3SUC
1J09
3U4L
2QB8
3RK1
1Q12
1KXP
4M3Z
3GNI
3T54
4EOO
4CBU
4DQW
3KEU
1L2T
1V1B
2Q97
1HCK
2IJM
3M9O
3V2U
1YID
1YVN
2BEK
3C5E
3RTE
3PGK
2ZDQ
3MN6
3TUT
3W2W
3DV3
3RU3
2PZF
2E89
4K97
2QRD
4B1Y
1Y8P
1ZAO
1N48
3V4S
3M0E
3Q60
2PY7
4EAK
2Q7G
1B8A
1YUN
1KO5
4M3T
3ZCB
2J3M
3MN9
4JXZ
2O0H
4J2E
2PHK
4JNE
3RGL
2BUP
3QO7
2XTI
4M3R
2VYP
2PZE
4ITM
1KJ9
3WDL
2FAQ
2R86
1RDQ
2IAJ
3NA3
1KP3
3T0Z
2FGJ
1XKV
1PJ4
1XMI
4EOJ
1R0X
1FIN
2A84
2PAV
4JYZ
3VZD
4FF4
3SYT
4EA0
2E2X
1VKO
3PG7
1G4S
1FGS
2FB3
3UQE
3OL9
4OWN
3OIY
2BND
3F7T
3TYZ
2PS8
2Y6Z
1E6A
2A8R
1JFG
4KWD
4FHD
3MYL
3TYD
1G67
3SZG
1Z0S
2V6I
3O15
3BP1
4CLS
1S77
1QK5
2COL
3OVB
3G3U
3P7Z
3LNV
1OCM
3BNX
2TPS
1YYQ
2VF3
1PGN
3DHF
3QTY
2Q7H
2JAT
3CDW
3CDU
1GPM
3OUY
1XA1
2PZA
3VKC
1FA0
3GF0
3KFL
1G69
4M6Q
3QPU
2D4Q
4LK3
4DWQ
3P41
1CS4
1MB9
4G3Q
3C14
1N1Z
4CS3
3Q24
1KQP
4FHF
1G6C
4H5D
2DKG
3KEL
2PS5
1BZY
4DSK
1E1T
2AEL
2IBK
1JVN
2XTI
1DQN
1KIZ
3EIY
3G6K
